<?xml version="1.0" encoding="UTF-8"?>
<!-- Generated by org.testng.reporters.JUnitReportReporter -->
<testsuite hostname="LAPTOP-JLUIEFO5" failures="0" tests="1" name="testcase.TC_002ApplyLeave" time="12.403" errors="0" timestamp="2023-03-03T15:18:06 IST" skipped="0">
  <testcase classname="testcase.TC_002ApplyLeave" name="test_applyleave" time="12.403"/>
  <system-out/>
</testsuite> <!-- testcase.TC_002ApplyLeave -->
