<?xml version="1.0" encoding="UTF-8"?>
<!-- Generated by org.testng.reporters.JUnitReportReporter -->
<testsuite hostname="LAPTOP-JLUIEFO5" failures="0" tests="1" name="testcase.TC_001Login" time="4.386" errors="0" timestamp="2023-02-21T12:35:49 IST" skipped="0">
  <testcase classname="testcase.TC_001Login" name="test_login" time="4.386"/>
  <system-out/>
</testsuite> <!-- testcase.TC_001Login -->
